#
# There is insufficient memory for the Java Runtime Environment to continue.
# Native memory allocation (malloc) failed to allocate 937856 bytes for Chunk::new
# Possible reasons:
#   The system is out of physical RAM or swap space
#   The process is running with CompressedOops enabled, and the Java Heap may be blocking the growth of the native heap
# Possible solutions:
#   Reduce memory load on the system
#   Increase physical memory or swap space
#   Check if swap backing store is full
#   Decrease Java heap size (-Xmx/-Xms)
#   Decrease number of Java threads
#   Decrease Java thread stack sizes (-Xss)
#   Set larger code cache with -XX:ReservedCodeCacheSize=
#   JVM is running with Unscaled Compressed Oops mode in which the Java heap is
#     placed in the first 4GB address space. The Java Heap base address is the
#     maximum limit for the native heap growth. Please use -XX:HeapBaseMinAddress
#     to set the Java Heap base and to place the Java Heap above 4GB virtual address.
# This output file may be truncated or incomplete.
#
#  Out of Memory Error (./src/hotspot/share/memory/arena.cpp:197), pid=30692, tid=26920
#
# JRE version: OpenJDK Runtime Environment (11.0.8+10) (build 11.0.8+10-b944.6842174)
# Java VM: OpenJDK 64-Bit Server VM (11.0.8+10-b944.6842174, mixed mode, tiered, compressed oops, g1 gc, windows-amd64)
# No core dump will be written. Minidumps are not enabled by default on client versions of Windows
#

---------------  S U M M A R Y ------------

Command Line: org.jetbrains.kotlin.cli.jvm.K2JVMCompiler @C:\Android Projects\WeatherApp\app\build\20220108_13425962348519485765.compiler.options

Host: Intel(R) Core(TM) i5-9300H CPU @ 2.40GHz, 8 cores, 7G,  Windows 10 , 64 bit Build 19041 (10.0.19041.1348)
Time: Sat Jan  8 22:15:26 2022 India Standard Time elapsed time: 8 seconds (0d 0h 0m 8s)

---------------  T H R E A D  ---------------

Current thread (0x000001d8e49c6800):  JavaThread "C2 CompilerThread2" daemon [_thread_in_native, id=26920, stack(0x0000003181a00000,0x0000003181b00000)]


Current CompileTask:
C2:   8189 6863       4       org.jetbrains.kotlin.metadata.ProtoBuf$Function::writeTo (341 bytes)

Stack: [0x0000003181a00000,0x0000003181b00000]
Native frames: (J=compiled Java code, j=interpreted, Vv=VM code, C=native code)
V  [jvm.dll+0x5de50a]
V  [jvm.dll+0x7122f5]
V  [jvm.dll+0x71384d]
V  [jvm.dll+0x713f03]
V  [jvm.dll+0x23e728]
V  [jvm.dll+0xb899c]
V  [jvm.dll+0xb8e9c]
V  [jvm.dll+0x2b20e4]
V  [jvm.dll+0x502098]
V  [jvm.dll+0x1ff393]
V  [jvm.dll+0x1f917c]
V  [jvm.dll+0x1f685f]
V  [jvm.dll+0x17f32c]
V  [jvm.dll+0x205047]
V  [jvm.dll+0x203891]
V  [jvm.dll+0x6dad3f]
V  [jvm.dll+0x6d3895]
V  [jvm.dll+0x5dd4a6]
C  [ucrtbase.dll+0x21bb2]
C  [KERNEL32.DLL+0x17034]
C  [ntdll.dll+0x52651]


---------------  P R O C E S S  ---------------

Threads class SMR info:
_java_thread_list=0x000001d8e2e056f0, length=12, elements={
0x000001d8c4abb800, 0x000001d8e0ca8000, 0x000001d8e0cb3800, 0x000001d8e0cc1800,
0x000001d8e0cc4000, 0x000001d8e0cc6000, 0x000001d8e0cc7000, 0x000001d8e0ccc800,
0x000001d8e1783800, 0x000001d8e1791800, 0x000001d8e5c49000, 0x000001d8e49c6800
}

Java Threads: ( => current thread )
  0x000001d8c4abb800 JavaThread "main" [_thread_in_Java, id=22308, stack(0x0000003180500000,0x0000003180600000)]
  0x000001d8e0ca8000 JavaThread "Reference Handler" daemon [_thread_blocked, id=25224, stack(0x0000003180c00000,0x0000003180d00000)]
  0x000001d8e0cb3800 JavaThread "Finalizer" daemon [_thread_blocked, id=26652, stack(0x0000003180d00000,0x0000003180e00000)]
  0x000001d8e0cc1800 JavaThread "Signal Dispatcher" daemon [_thread_blocked, id=30312, stack(0x0000003180e00000,0x0000003180f00000)]
  0x000001d8e0cc4000 JavaThread "Attach Listener" daemon [_thread_blocked, id=31208, stack(0x0000003180f00000,0x0000003181000000)]
  0x000001d8e0cc6000 JavaThread "C2 CompilerThread0" daemon [_thread_in_native, id=35392, stack(0x0000003181000000,0x0000003181100000)]
  0x000001d8e0cc7000 JavaThread "C1 CompilerThread0" daemon [_thread_in_native, id=35404, stack(0x0000003181100000,0x0000003181200000)]
  0x000001d8e0ccc800 JavaThread "Sweeper thread" daemon [_thread_blocked, id=28244, stack(0x0000003181200000,0x0000003181300000)]
  0x000001d8e1783800 JavaThread "Service Thread" daemon [_thread_blocked, id=9652, stack(0x0000003181300000,0x0000003181400000)]
  0x000001d8e1791800 JavaThread "Common-Cleaner" daemon [_thread_blocked, id=30980, stack(0x0000003181500000,0x0000003181600000)]
  0x000001d8e5c49000 JavaThread "C2 CompilerThread1" daemon [_thread_in_native, id=23508, stack(0x0000003181900000,0x0000003181a00000)]
=>0x000001d8e49c6800 JavaThread "C2 CompilerThread2" daemon [_thread_in_native, id=26920, stack(0x0000003181a00000,0x0000003181b00000)]

Other Threads:
  0x000001d8e0c81800 VMThread "VM Thread" [stack: 0x0000003180b00000,0x0000003180c00000] [id=35588]
  0x000001d8e1784800 WatcherThread [stack: 0x0000003181400000,0x0000003181500000] [id=19464]
  0x000001d8c4ad4000 GCTaskThread "GC Thread#0" [stack: 0x0000003180600000,0x0000003180700000] [id=19244]
  0x000001d8e1d03000 GCTaskThread "GC Thread#1" [stack: 0x0000003181600000,0x0000003181700000] [id=1100]
  0x000001d8e1d04000 GCTaskThread "GC Thread#2" [stack: 0x0000003181700000,0x0000003181800000] [id=35188]
  0x000001d8c4b03000 ConcurrentGCThread "G1 Main Marker" [stack: 0x0000003180700000,0x0000003180800000] [id=33980]
  0x000001d8c4b04800 ConcurrentGCThread "G1 Conc#0" [stack: 0x0000003180800000,0x0000003180900000] [id=28344]
  0x000001d8e215b000 ConcurrentGCThread "G1 Conc#1" [stack: 0x0000003181800000,0x0000003181900000] [id=31280]
  0x000001d8c4b94000 ConcurrentGCThread "G1 Refine#0" [stack: 0x0000003180900000,0x0000003180a00000] [id=32812]
  0x000001d8e0af1800 ConcurrentGCThread "G1 Young RemSet Sampling" [stack: 0x0000003180a00000,0x0000003180b00000] [id=27304]

Threads with active compile tasks:
C2 CompilerThread0   8268 7019       4       gnu.trove.TIntObjectHashMap::index (143 bytes)
C2 CompilerThread1   8268 7011   !   4       jdk.internal.loader.BuiltinClassLoader::findClassOnClassPathOrNull (64 bytes)
C2 CompilerThread2   8268 6863       4       org.jetbrains.kotlin.metadata.ProtoBuf$Function::writeTo (341 bytes)

VM state:not at safepoint (normal execution)

VM Mutex/Monitor currently owned by a thread: None

Heap address: 0x0000000081c00000, size: 2020 MB, Compressed Oops mode: 32-bit
Narrow klass base: 0x0000000000000000, Narrow klass shift: 3
Compressed class space size: 1073741824 Address: 0x0000000100000000

Heap:
 garbage-first heap   total 157696K, used 58291K [0x0000000081c00000, 0x0000000100000000)
  region size 1024K, 20 young (20480K), 9 survivors (9216K)
 Metaspace       used 60173K, capacity 60865K, committed 60928K, reserved 1103872K
  class space    used 6873K, capacity 7155K, committed 7168K, reserved 1048576K
Heap Regions: E=young(eden), S=young(survivor), O=old, HS=humongous(starts), HC=humongous(continues), CS=collection set, F=free, A=archive, TAMS=top-at-mark-start (previous, next)
|   0|0x0000000081c00000, 0x0000000081d00000, 0x0000000081d00000|100%|HS|  |TAMS 0x0000000081d00000, 0x0000000081c00000| Complete 
|   1|0x0000000081d00000, 0x0000000081e00000, 0x0000000081e00000|100%|HC|  |TAMS 0x0000000081e00000, 0x0000000081d00000| Complete 
|   2|0x0000000081e00000, 0x0000000081f00000, 0x0000000081f00000|100%|HC|  |TAMS 0x0000000081f00000, 0x0000000081e00000| Complete 
|   3|0x0000000081f00000, 0x0000000082000000, 0x0000000082000000|100%|HS|  |TAMS 0x0000000082000000, 0x0000000081f00000| Complete 
|   4|0x0000000082000000, 0x0000000082100000, 0x0000000082100000|100%|HC|  |TAMS 0x0000000082100000, 0x0000000082000000| Complete 
|   5|0x0000000082100000, 0x0000000082200000, 0x0000000082200000|100%|HC|  |TAMS 0x0000000082200000, 0x0000000082100000| Complete 
|   6|0x0000000082200000, 0x0000000082300000, 0x0000000082300000|100%|HS|  |TAMS 0x0000000082300000, 0x0000000082200000| Complete 
|   7|0x0000000082300000, 0x0000000082400000, 0x0000000082400000|100%|HC|  |TAMS 0x0000000082400000, 0x0000000082300000| Complete 
|   8|0x0000000082400000, 0x0000000082500000, 0x0000000082500000|100%|HC|  |TAMS 0x0000000082500000, 0x0000000082400000| Complete 
|   9|0x0000000082500000, 0x0000000082600000, 0x0000000082600000|100%| O|  |TAMS 0x0000000082600000, 0x0000000082500000| Untracked 
|  10|0x0000000082600000, 0x0000000082700000, 0x0000000082700000|100%| O|  |TAMS 0x0000000082700000, 0x0000000082600000| Untracked 
|  11|0x0000000082700000, 0x0000000082800000, 0x0000000082800000|100%| O|  |TAMS 0x0000000082800000, 0x0000000082700000| Untracked 
|  12|0x0000000082800000, 0x0000000082900000, 0x0000000082900000|100%| O|  |TAMS 0x0000000082900000, 0x0000000082800000| Untracked 
|  13|0x0000000082900000, 0x0000000082a00000, 0x0000000082a00000|100%|HS|  |TAMS 0x0000000082a00000, 0x0000000082900000| Complete 
|  14|0x0000000082a00000, 0x0000000082b00000, 0x0000000082b00000|100%|HC|  |TAMS 0x0000000082b00000, 0x0000000082a00000| Complete 
|  15|0x0000000082b00000, 0x0000000082c00000, 0x0000000082c00000|100%| O|  |TAMS 0x0000000082c00000, 0x0000000082b00000| Untracked 
|  16|0x0000000082c00000, 0x0000000082d00000, 0x0000000082d00000|100%| O|  |TAMS 0x0000000082d00000, 0x0000000082c00000| Untracked 
|  17|0x0000000082d00000, 0x0000000082e00000, 0x0000000082e00000|100%| O|  |TAMS 0x0000000082e00000, 0x0000000082d00000| Untracked 
|  18|0x0000000082e00000, 0x0000000082f00000, 0x0000000082f00000|100%| O|  |TAMS 0x0000000082f00000, 0x0000000082e00000| Untracked 
|  19|0x0000000082f00000, 0x0000000083000000, 0x0000000083000000|100%| O|  |TAMS 0x0000000083000000, 0x0000000082f00000| Untracked 
|  20|0x0000000083000000, 0x0000000083100000, 0x0000000083100000|100%| O|  |TAMS 0x0000000083100000, 0x0000000083000000| Untracked 
|  21|0x0000000083100000, 0x0000000083200000, 0x0000000083200000|100%| O|  |TAMS 0x0000000083200000, 0x0000000083100000| Untracked 
|  22|0x0000000083200000, 0x0000000083300000, 0x0000000083300000|100%| O|  |TAMS 0x0000000083300000, 0x0000000083200000| Untracked 
|  23|0x0000000083300000, 0x0000000083400000, 0x0000000083400000|100%| O|  |TAMS 0x0000000083400000, 0x0000000083300000| Untracked 
|  24|0x0000000083400000, 0x0000000083500000, 0x0000000083500000|100%| O|  |TAMS 0x0000000083500000, 0x0000000083400000| Untracked 
|  25|0x0000000083500000, 0x0000000083600000, 0x0000000083600000|100%| O|  |TAMS 0x0000000083600000, 0x0000000083500000| Untracked 
|  26|0x0000000083600000, 0x0000000083700000, 0x0000000083700000|100%| O|  |TAMS 0x0000000083700000, 0x0000000083600000| Untracked 
|  27|0x0000000083700000, 0x0000000083800000, 0x0000000083800000|100%| O|  |TAMS 0x0000000083800000, 0x0000000083700000| Untracked 
|  28|0x0000000083800000, 0x0000000083900000, 0x0000000083900000|100%| O|  |TAMS 0x0000000083900000, 0x0000000083800000| Untracked 
|  29|0x0000000083900000, 0x0000000083a00000, 0x0000000083a00000|100%| O|  |TAMS 0x0000000083a00000, 0x0000000083900000| Untracked 
|  30|0x0000000083a00000, 0x0000000083b00000, 0x0000000083b00000|100%| O|  |TAMS 0x0000000083b00000, 0x0000000083a00000| Untracked 
|  31|0x0000000083b00000, 0x0000000083c00000, 0x0000000083c00000|100%| O|  |TAMS 0x0000000083c00000, 0x0000000083b00000| Untracked 
|  32|0x0000000083c00000, 0x0000000083d00000, 0x0000000083d00000|100%| O|  |TAMS 0x0000000083d00000, 0x0000000083c00000| Untracked 
|  33|0x0000000083d00000, 0x0000000083e00000, 0x0000000083e00000|100%| O|  |TAMS 0x0000000083e00000, 0x0000000083d00000| Untracked 
|  34|0x0000000083e00000, 0x0000000083f00000, 0x0000000083f00000|100%| O|  |TAMS 0x0000000083f00000, 0x0000000083e00000| Untracked 
|  35|0x0000000083f00000, 0x0000000084000000, 0x0000000084000000|100%| O|  |TAMS 0x0000000084000000, 0x0000000083f00000| Untracked 
|  36|0x0000000084000000, 0x0000000084100000, 0x0000000084100000|100%| O|  |TAMS 0x0000000084100000, 0x0000000084000000| Untracked 
|  37|0x0000000084100000, 0x00000000841f6800, 0x0000000084200000| 96%| O|  |TAMS 0x00000000841f6800, 0x0000000084100000| Untracked 
|  38|0x0000000084200000, 0x0000000084200000, 0x0000000084300000|  0%| F|  |TAMS 0x0000000084200000, 0x0000000084200000| Untracked 
|  39|0x0000000084300000, 0x0000000084300000, 0x0000000084400000|  0%| F|  |TAMS 0x0000000084300000, 0x0000000084300000| Untracked 
|  40|0x0000000084400000, 0x0000000084400000, 0x0000000084500000|  0%| F|  |TAMS 0x0000000084400000, 0x0000000084400000| Untracked 
|  41|0x0000000084500000, 0x0000000084500000, 0x0000000084600000|  0%| F|  |TAMS 0x0000000084500000, 0x0000000084500000| Untracked 
|  42|0x0000000084600000, 0x0000000084600000, 0x0000000084700000|  0%| F|  |TAMS 0x0000000084600000, 0x0000000084600000| Untracked 
|  43|0x0000000084700000, 0x0000000084700000, 0x0000000084800000|  0%| F|  |TAMS 0x0000000084700000, 0x0000000084700000| Untracked 
|  44|0x0000000084800000, 0x0000000084800000, 0x0000000084900000|  0%| F|  |TAMS 0x0000000084800000, 0x0000000084800000| Untracked 
|  45|0x0000000084900000, 0x0000000084900000, 0x0000000084a00000|  0%| F|  |TAMS 0x0000000084900000, 0x0000000084900000| Untracked 
|  46|0x0000000084a00000, 0x0000000084a00000, 0x0000000084b00000|  0%| F|  |TAMS 0x0000000084a00000, 0x0000000084a00000| Untracked 
|  47|0x0000000084b00000, 0x0000000084b00000, 0x0000000084c00000|  0%| F|  |TAMS 0x0000000084b00000, 0x0000000084b00000| Untracked 
|  48|0x0000000084c00000, 0x0000000084c00000, 0x0000000084d00000|  0%| F|  |TAMS 0x0000000084c00000, 0x0000000084c00000| Untracked 
|  49|0x0000000084d00000, 0x0000000084d00000, 0x0000000084e00000|  0%| F|  |TAMS 0x0000000084d00000, 0x0000000084d00000| Untracked 
|  50|0x0000000084e00000, 0x0000000084e00000, 0x0000000084f00000|  0%| F|  |TAMS 0x0000000084e00000, 0x0000000084e00000| Untracked 
|  51|0x0000000084f00000, 0x0000000084f00000, 0x0000000085000000|  0%| F|  |TAMS 0x0000000084f00000, 0x0000000084f00000| Untracked 
|  52|0x0000000085000000, 0x0000000085000000, 0x0000000085100000|  0%| F|  |TAMS 0x0000000085000000, 0x0000000085000000| Untracked 
|  53|0x0000000085100000, 0x0000000085100000, 0x0000000085200000|  0%| F|  |TAMS 0x0000000085100000, 0x0000000085100000| Untracked 
|  54|0x0000000085200000, 0x0000000085200000, 0x0000000085300000|  0%| F|  |TAMS 0x0000000085200000, 0x0000000085200000| Untracked 
|  55|0x0000000085300000, 0x0000000085300000, 0x0000000085400000|  0%| F|  |TAMS 0x0000000085300000, 0x0000000085300000| Untracked 
|  56|0x0000000085400000, 0x0000000085400000, 0x0000000085500000|  0%| F|  |TAMS 0x0000000085400000, 0x0000000085400000| Untracked 
|  57|0x0000000085500000, 0x0000000085500000, 0x0000000085600000|  0%| F|  |TAMS 0x0000000085500000, 0x0000000085500000| Untracked 
|  58|0x0000000085600000, 0x0000000085600000, 0x0000000085700000|  0%| F|  |TAMS 0x0000000085600000, 0x0000000085600000| Untracked 
|  59|0x0000000085700000, 0x0000000085700000, 0x0000000085800000|  0%| F|  |TAMS 0x0000000085700000, 0x0000000085700000| Untracked 
|  60|0x0000000085800000, 0x0000000085800000, 0x0000000085900000|  0%| F|  |TAMS 0x0000000085800000, 0x0000000085800000| Untracked 
|  61|0x0000000085900000, 0x0000000085900000, 0x0000000085a00000|  0%| F|  |TAMS 0x0000000085900000, 0x0000000085900000| Untracked 
|  62|0x0000000085a00000, 0x0000000085a00000, 0x0000000085b00000|  0%| F|  |TAMS 0x0000000085a00000, 0x0000000085a00000| Untracked 
|  63|0x0000000085b00000, 0x0000000085b00000, 0x0000000085c00000|  0%| F|  |TAMS 0x0000000085b00000, 0x0000000085b00000| Untracked 
|  64|0x0000000085c00000, 0x0000000085c00000, 0x0000000085d00000|  0%| F|  |TAMS 0x0000000085c00000, 0x0000000085c00000| Untracked 
|  65|0x0000000085d00000, 0x0000000085d00000, 0x0000000085e00000|  0%| F|  |TAMS 0x0000000085d00000, 0x0000000085d00000| Untracked 
|  66|0x0000000085e00000, 0x0000000085e00000, 0x0000000085f00000|  0%| F|  |TAMS 0x0000000085e00000, 0x0000000085e00000| Untracked 
|  67|0x0000000085f00000, 0x0000000085f00000, 0x0000000086000000|  0%| F|  |TAMS 0x0000000085f00000, 0x0000000085f00000| Untracked 
|  68|0x0000000086000000, 0x0000000086000000, 0x0000000086100000|  0%| F|  |TAMS 0x0000000086000000, 0x0000000086000000| Untracked 
|  69|0x0000000086100000, 0x0000000086100000, 0x0000000086200000|  0%| F|  |TAMS 0x0000000086100000, 0x0000000086100000| Untracked 
|  70|0x0000000086200000, 0x0000000086200000, 0x0000000086300000|  0%| F|  |TAMS 0x0000000086200000, 0x0000000086200000| Untracked 
|  71|0x0000000086300000, 0x0000000086300000, 0x0000000086400000|  0%| F|  |TAMS 0x0000000086300000, 0x0000000086300000| Untracked 
|  72|0x0000000086400000, 0x0000000086400000, 0x0000000086500000|  0%| F|  |TAMS 0x0000000086400000, 0x0000000086400000| Untracked 
|  73|0x0000000086500000, 0x0000000086500000, 0x0000000086600000|  0%| F|  |TAMS 0x0000000086500000, 0x0000000086500000| Untracked 
|  74|0x0000000086600000, 0x0000000086600000, 0x0000000086700000|  0%| F|  |TAMS 0x0000000086600000, 0x0000000086600000| Untracked 
|  75|0x0000000086700000, 0x0000000086700000, 0x0000000086800000|  0%| F|  |TAMS 0x0000000086700000, 0x0000000086700000| Untracked 
|  76|0x0000000086800000, 0x00000000868f67e0, 0x0000000086900000| 96%| S|CS|TAMS 0x0000000086800000, 0x0000000086800000| Complete 
|  77|0x0000000086900000, 0x0000000086a00000, 0x0000000086a00000|100%| S|CS|TAMS 0x0000000086900000, 0x0000000086900000| Complete 
|  78|0x0000000086a00000, 0x0000000086a00000, 0x0000000086b00000|  0%| F|  |TAMS 0x0000000086a00000, 0x0000000086a00000| Untracked 
|  79|0x0000000086b00000, 0x0000000086b00000, 0x0000000086c00000|  0%| F|  |TAMS 0x0000000086b00000, 0x0000000086b00000| Untracked 
|  80|0x0000000086c00000, 0x0000000086c00000, 0x0000000086d00000|  0%| F|  |TAMS 0x0000000086c00000, 0x0000000086c00000| Untracked 
|  81|0x0000000086d00000, 0x0000000086d00000, 0x0000000086e00000|  0%| F|  |TAMS 0x0000000086d00000, 0x0000000086d00000| Untracked 
|  82|0x0000000086e00000, 0x0000000086e00000, 0x0000000086f00000|  0%| F|  |TAMS 0x0000000086e00000, 0x0000000086e00000| Untracked 
|  83|0x0000000086f00000, 0x0000000086f00000, 0x0000000087000000|  0%| F|  |TAMS 0x0000000086f00000, 0x0000000086f00000| Untracked 
|  84|0x0000000087000000, 0x0000000087000000, 0x0000000087100000|  0%| F|  |TAMS 0x0000000087000000, 0x0000000087000000| Untracked 
|  85|0x0000000087100000, 0x0000000087100000, 0x0000000087200000|  0%| F|  |TAMS 0x0000000087100000, 0x0000000087100000| Untracked 
|  86|0x0000000087200000, 0x0000000087200000, 0x0000000087300000|  0%| F|  |TAMS 0x0000000087200000, 0x0000000087200000| Untracked 
|  87|0x0000000087300000, 0x0000000087400000, 0x0000000087400000|100%| S|CS|TAMS 0x0000000087300000, 0x0000000087300000| Complete 
|  88|0x0000000087400000, 0x0000000087500000, 0x0000000087500000|100%| S|CS|TAMS 0x0000000087400000, 0x0000000087400000| Complete 
|  89|0x0000000087500000, 0x0000000087600000, 0x0000000087600000|100%| S|CS|TAMS 0x0000000087500000, 0x0000000087500000| Complete 
|  90|0x0000000087600000, 0x0000000087700000, 0x0000000087700000|100%| S|CS|TAMS 0x0000000087600000, 0x0000000087600000| Complete 
|  91|0x0000000087700000, 0x0000000087800000, 0x0000000087800000|100%| S|CS|TAMS 0x0000000087700000, 0x0000000087700000| Complete 
|  92|0x0000000087800000, 0x0000000087900000, 0x0000000087900000|100%| S|CS|TAMS 0x0000000087800000, 0x0000000087800000| Complete 
|  93|0x0000000087900000, 0x0000000087a00000, 0x0000000087a00000|100%| S|CS|TAMS 0x0000000087900000, 0x0000000087900000| Complete 
|  94|0x0000000087a00000, 0x0000000087a00000, 0x0000000087b00000|  0%| F|  |TAMS 0x0000000087a00000, 0x0000000087a00000| Untracked 
|  95|0x0000000087b00000, 0x0000000087b00000, 0x0000000087c00000|  0%| F|  |TAMS 0x0000000087b00000, 0x0000000087b00000| Untracked 
|  96|0x0000000087c00000, 0x0000000087c00000, 0x0000000087d00000|  0%| F|  |TAMS 0x0000000087c00000, 0x0000000087c00000| Untracked 
|  97|0x0000000087d00000, 0x0000000087d00000, 0x0000000087e00000|  0%| F|  |TAMS 0x0000000087d00000, 0x0000000087d00000| Untracked 
|  98|0x0000000087e00000, 0x0000000087e00000, 0x0000000087f00000|  0%| F|  |TAMS 0x0000000087e00000, 0x0000000087e00000| Untracked 
|  99|0x0000000087f00000, 0x0000000087f00000, 0x0000000088000000|  0%| F|  |TAMS 0x0000000087f00000, 0x0000000087f00000| Untracked 
| 100|0x0000000088000000, 0x0000000088000000, 0x0000000088100000|  0%| F|  |TAMS 0x0000000088000000, 0x0000000088000000| Untracked 
| 101|0x0000000088100000, 0x0000000088100000, 0x0000000088200000|  0%| F|  |TAMS 0x0000000088100000, 0x0000000088100000| Untracked 
| 102|0x0000000088200000, 0x0000000088200000, 0x0000000088300000|  0%| F|  |TAMS 0x0000000088200000, 0x0000000088200000| Untracked 
| 103|0x0000000088300000, 0x0000000088300000, 0x0000000088400000|  0%| F|  |TAMS 0x0000000088300000, 0x0000000088300000| Untracked 
| 104|0x0000000088400000, 0x0000000088400000, 0x0000000088500000|  0%| F|  |TAMS 0x0000000088400000, 0x0000000088400000| Untracked 
| 105|0x0000000088500000, 0x0000000088500000, 0x0000000088600000|  0%| F|  |TAMS 0x0000000088500000, 0x0000000088500000| Untracked 
| 106|0x0000000088600000, 0x0000000088600000, 0x0000000088700000|  0%| F|  |TAMS 0x0000000088600000, 0x0000000088600000| Untracked 
| 107|0x0000000088700000, 0x0000000088700000, 0x0000000088800000|  0%| F|  |TAMS 0x0000000088700000, 0x0000000088700000| Untracked 
| 108|0x0000000088800000, 0x0000000088800000, 0x0000000088900000|  0%| F|  |TAMS 0x0000000088800000, 0x0000000088800000| Untracked 
| 109|0x0000000088900000, 0x0000000088900000, 0x0000000088a00000|  0%| F|  |TAMS 0x0000000088900000, 0x0000000088900000| Untracked 
| 110|0x0000000088a00000, 0x0000000088a00000, 0x0000000088b00000|  0%| F|  |TAMS 0x0000000088a00000, 0x0000000088a00000| Untracked 
| 111|0x0000000088b00000, 0x0000000088b00000, 0x0000000088c00000|  0%| F|  |TAMS 0x0000000088b00000, 0x0000000088b00000| Untracked 
| 112|0x0000000088c00000, 0x0000000088c00000, 0x0000000088d00000|  0%| F|  |TAMS 0x0000000088c00000, 0x0000000088c00000| Untracked 
| 113|0x0000000088d00000, 0x0000000088d00000, 0x0000000088e00000|  0%| F|  |TAMS 0x0000000088d00000, 0x0000000088d00000| Untracked 
| 114|0x0000000088e00000, 0x0000000088e00000, 0x0000000088f00000|  0%| F|  |TAMS 0x0000000088e00000, 0x0000000088e00000| Untracked 
| 115|0x0000000088f00000, 0x0000000088f00000, 0x0000000089000000|  0%| F|  |TAMS 0x0000000088f00000, 0x0000000088f00000| Untracked 
| 116|0x0000000089000000, 0x0000000089000000, 0x0000000089100000|  0%| F|  |TAMS 0x0000000089000000, 0x0000000089000000| Untracked 
| 117|0x0000000089100000, 0x0000000089100000, 0x0000000089200000|  0%| F|  |TAMS 0x0000000089100000, 0x0000000089100000| Untracked 
| 118|0x0000000089200000, 0x0000000089200000, 0x0000000089300000|  0%| F|  |TAMS 0x0000000089200000, 0x0000000089200000| Untracked 
| 119|0x0000000089300000, 0x0000000089300000, 0x0000000089400000|  0%| F|  |TAMS 0x0000000089300000, 0x0000000089300000| Untracked 
| 120|0x0000000089400000, 0x0000000089400000, 0x0000000089500000|  0%| F|  |TAMS 0x0000000089400000, 0x0000000089400000| Untracked 
| 121|0x0000000089500000, 0x0000000089500000, 0x0000000089600000|  0%| F|  |TAMS 0x0000000089500000, 0x0000000089500000| Untracked 
| 122|0x0000000089600000, 0x0000000089600000, 0x0000000089700000|  0%| F|  |TAMS 0x0000000089600000, 0x0000000089600000| Untracked 
| 123|0x0000000089700000, 0x0000000089700000, 0x0000000089800000|  0%| F|  |TAMS 0x0000000089700000, 0x0000000089700000| Untracked 
| 124|0x0000000089800000, 0x0000000089800000, 0x0000000089900000|  0%| F|  |TAMS 0x0000000089800000, 0x0000000089800000| Untracked 
| 125|0x0000000089900000, 0x0000000089900000, 0x0000000089a00000|  0%| F|  |TAMS 0x0000000089900000, 0x0000000089900000| Untracked 
| 126|0x0000000089a00000, 0x0000000089a00000, 0x0000000089b00000|  0%| F|  |TAMS 0x0000000089a00000, 0x0000000089a00000| Untracked 
| 127|0x0000000089b00000, 0x0000000089b00000, 0x0000000089c00000|  0%| F|  |TAMS 0x0000000089b00000, 0x0000000089b00000| Untracked 
| 128|0x0000000089c00000, 0x0000000089c00000, 0x0000000089d00000|  0%| F|  |TAMS 0x0000000089c00000, 0x0000000089c00000| Untracked 
| 129|0x0000000089d00000, 0x0000000089d00000, 0x0000000089e00000|  0%| F|  |TAMS 0x0000000089d00000, 0x0000000089d00000| Untracked 
| 130|0x0000000089e00000, 0x0000000089e00000, 0x0000000089f00000|  0%| F|  |TAMS 0x0000000089e00000, 0x0000000089e00000| Untracked 
| 131|0x0000000089f00000, 0x0000000089f00000, 0x000000008a000000|  0%| F|  |TAMS 0x0000000089f00000, 0x0000000089f00000| Untracked 
| 132|0x000000008a000000, 0x000000008a000000, 0x000000008a100000|  0%| F|  |TAMS 0x000000008a000000, 0x000000008a000000| Untracked 
| 133|0x000000008a100000, 0x000000008a100000, 0x000000008a200000|  0%| F|  |TAMS 0x000000008a100000, 0x000000008a100000| Untracked 
| 134|0x000000008a200000, 0x000000008a200000, 0x000000008a300000|  0%| F|  |TAMS 0x000000008a200000, 0x000000008a200000| Untracked 
| 135|0x000000008a300000, 0x000000008a300000, 0x000000008a400000|  0%| F|  |TAMS 0x000000008a300000, 0x000000008a300000| Untracked 
| 136|0x000000008a400000, 0x000000008a400000, 0x000000008a500000|  0%| F|  |TAMS 0x000000008a400000, 0x000000008a400000| Untracked 
| 137|0x000000008a500000, 0x000000008a500000, 0x000000008a600000|  0%| F|  |TAMS 0x000000008a500000, 0x000000008a500000| Untracked 
| 138|0x000000008a600000, 0x000000008a600000, 0x000000008a700000|  0%| F|  |TAMS 0x000000008a600000, 0x000000008a600000| Untracked 
| 139|0x000000008a700000, 0x000000008a700000, 0x000000008a800000|  0%| F|  |TAMS 0x000000008a700000, 0x000000008a700000| Untracked 
| 140|0x000000008a800000, 0x000000008a800000, 0x000000008a900000|  0%| F|  |TAMS 0x000000008a800000, 0x000000008a800000| Untracked 
| 141|0x000000008a900000, 0x000000008a900000, 0x000000008aa00000|  0%| F|  |TAMS 0x000000008a900000, 0x000000008a900000| Untracked 
| 142|0x000000008aa00000, 0x000000008aa00000, 0x000000008ab00000|  0%| F|  |TAMS 0x000000008aa00000, 0x000000008aa00000| Untracked 
| 143|0x000000008ab00000, 0x000000008ac00000, 0x000000008ac00000|100%| E|  |TAMS 0x000000008ab00000, 0x000000008ab00000| Complete 
| 144|0x000000008ac00000, 0x000000008ad00000, 0x000000008ad00000|100%| E|CS|TAMS 0x000000008ac00000, 0x000000008ac00000| Complete 
| 145|0x000000008ad00000, 0x000000008ae00000, 0x000000008ae00000|100%| E|CS|TAMS 0x000000008ad00000, 0x000000008ad00000| Complete 
| 146|0x000000008ae00000, 0x000000008af00000, 0x000000008af00000|100%| E|CS|TAMS 0x000000008ae00000, 0x000000008ae00000| Complete 
| 147|0x000000008af00000, 0x000000008b000000, 0x000000008b000000|100%| E|CS|TAMS 0x000000008af00000, 0x000000008af00000| Complete 
| 148|0x000000008b000000, 0x000000008b100000, 0x000000008b100000|100%| E|CS|TAMS 0x000000008b000000, 0x000000008b000000| Complete 
| 149|0x000000008b100000, 0x000000008b200000, 0x000000008b200000|100%| E|CS|TAMS 0x000000008b100000, 0x000000008b100000| Complete 
| 150|0x000000008b200000, 0x000000008b300000, 0x000000008b300000|100%| E|CS|TAMS 0x000000008b200000, 0x000000008b200000| Complete 
| 151|0x000000008b300000, 0x000000008b400000, 0x000000008b400000|100%| E|CS|TAMS 0x000000008b300000, 0x000000008b300000| Complete 
| 152|0x000000008b400000, 0x000000008b500000, 0x000000008b500000|100%| E|CS|TAMS 0x000000008b400000, 0x000000008b400000| Complete 
| 153|0x000000008b500000, 0x000000008b600000, 0x000000008b600000|100%| E|CS|TAMS 0x000000008b500000, 0x000000008b500000| Complete 

Card table byte_map: [0x000001d8d9a90000,0x000001d8d9e90000] _byte_map_base: 0x000001d8d9682000

Marking Bits (Prev, Next): (CMBitMap*) 0x000001d8c4afa6c0, (CMBitMap*) 0x000001d8c4afa688
 Prev Bits: [0x000001d8dc220000, 0x000001d8de1b0000)
 Next Bits: [0x000001d8da290000, 0x000001d8dc220000)

Polling page: 0x000001d8c4ba0000

Metaspace:

Usage:
  Non-class:     52.45 MB capacity,    52.05 MB (>99%) used,   312.63 KB ( <1%) free+waste,    93.44 KB ( <1%) overhead. 
      Class:      6.99 MB capacity,     6.71 MB ( 96%) used,   241.18 KB (  3%) free+waste,    40.56 KB ( <1%) overhead. 
       Both:     59.44 MB capacity,    58.77 MB ( 99%) used,   553.80 KB ( <1%) free+waste,   134.00 KB ( <1%) overhead. 

Virtual space:
  Non-class space:       54.00 MB reserved,      52.50 MB ( 97%) committed 
      Class space:        1.00 GB reserved,       7.00 MB ( <1%) committed 
             Both:        1.05 GB reserved,      59.50 MB (  6%) committed 

Chunk freelists:
   Non-Class:  50.00 KB
       Class:  13.00 KB
        Both:  63.00 KB

MaxMetaspaceSize: 17179869184.00 GB
CompressedClassSpaceSize: 1.00 GB

CodeHeap 'non-profiled nmethods': size=120000Kb used=3510Kb max_used=3510Kb free=116489Kb
 bounds [0x000001d8d16e0000, 0x000001d8d1a50000, 0x000001d8d8c10000]
CodeHeap 'profiled nmethods': size=120000Kb used=17824Kb max_used=17824Kb free=102175Kb
 bounds [0x000001d8ca1b0000, 0x000001d8cb320000, 0x000001d8d16e0000]
CodeHeap 'non-nmethods': size=5760Kb used=1213Kb max_used=1272Kb free=4547Kb
 bounds [0x000001d8c9c10000, 0x000001d8c9e80000, 0x000001d8ca1b0000]
 total_blobs=7567 nmethods=6992 adapters=484
 compilation: enabled
              stopped_count=0, restarted_count=0
 full_count=0

Compilation events (20 events):
Event: 8.131 Thread 0x000001d8e0cc7000 6957       3       kotlin.collections.AbstractMutableSet::<init> (5 bytes)
Event: 8.131 Thread 0x000001d8e0cc7000 nmethod 6957 0x000001d8cb2e4e10 code [0x000001d8cb2e4fe0, 0x000001d8cb2e51f8]
Event: 8.131 Thread 0x000001d8e0cc7000 6958       3       kotlin.collections.SetsKt__SetsJVMKt::build (14 bytes)
Event: 8.131 Thread 0x000001d8e0cc7000 nmethod 6958 0x000001d8cb2e5310 code [0x000001d8cb2e5580, 0x000001d8cb2e5e08]
Event: 8.131 Thread 0x000001d8e0cc7000 6964       3       org.jetbrains.kotlin.resolve.calls.smartcasts.DataFlowValueFactoryImpl::isComplexExpression (97 bytes)
Event: 8.132 Thread 0x000001d8e5c49000 nmethod 6967 0x000001d8d1a47410 code [0x000001d8d1a475c0, 0x000001d8d1a476d8]
Event: 8.132 Thread 0x000001d8e0cc7000 nmethod 6964 0x000001d8cb2e6190 code [0x000001d8cb2e6400, 0x000001d8cb2e7128]
Event: 8.132 Thread 0x000001d8e0cc7000 6970       3       org.jetbrains.kotlin.resolve.calls.model.KotlinResolutionCandidate::<init> (242 bytes)
Event: 8.133 Thread 0x000001d8e5c49000 6971       4       org.jetbrains.kotlin.psi.KtPsiUtil::deparenthesize (18 bytes)
Event: 8.135 Thread 0x000001d8e0cc7000 nmethod 6970 0x000001d8cb2e7390 code [0x000001d8cb2e7980, 0x000001d8cb2ea938]
Event: 8.135 Thread 0x000001d8e0cc7000 6969       3       org.jetbrains.kotlin.com.intellij.psi.search.GlobalSearchScope$NotScope::contains (25 bytes)
Event: 8.135 Thread 0x000001d8e0cc7000 nmethod 6969 0x000001d8cb2eba10 code [0x000001d8cb2ebbe0, 0x000001d8cb2ebe78]
Event: 8.135 Thread 0x000001d8e0cc7000 6972       3       org.jetbrains.kotlin.resolve.calls.inference.model.NewConstraintSystemImpl::asReadOnlyStorage (25 bytes)
Event: 8.135 Thread 0x000001d8e0cc7000 nmethod 6972 0x000001d8cb2ebf90 code [0x000001d8cb2ec180, 0x000001d8cb2ec768]
Event: 8.135 Thread 0x000001d8e0cc7000 6968       3       org.jetbrains.kotlin.resolve.calls.context.ResolutionContext::replaceExpectedType (97 bytes)
Event: 8.136 Thread 0x000001d8e0cc7000 nmethod 6968 0x000001d8cb2ec910 code [0x000001d8cb2ecb00, 0x000001d8cb2ed038]
Event: 8.136 Thread 0x000001d8e0cc7000 6962       1       org.jetbrains.kotlin.types.expressions.KotlinTypeInfo::getJumpOutPossible (5 bytes)
Event: 8.136 Thread 0x000001d8e0cc7000 nmethod 6962 0x000001d8d1a47810 code [0x000001d8d1a479c0, 0x000001d8d1a47a78]
Event: 8.140 Thread 0x000001d8e5c49000 nmethod 6971 0x000001d8d1a47b10 code [0x000001d8d1a47ce0, 0x000001d8d1a47f58]
Event: 8.142 Thread 0x000001d8e0cc6000 nmethod 6963 0x000001d8d1a48190 code [0x000001d8d1a483a0, 0x000001d8d1a48aa8]

GC Heap History (14 events):
Event: 0.983 GC heap before
{Heap before GC invocations=0 (full 0):
 garbage-first heap   total 131072K, used 27648K [0x0000000081c00000, 0x0000000100000000)
  region size 1024K, 24 young (24576K), 0 survivors (0K)
 Metaspace       used 12328K, capacity 12469K, committed 12800K, reserved 1060864K
  class space    used 1157K, capacity 1174K, committed 1280K, reserved 1048576K
}
Event: 0.989 GC heap after
{Heap after GC invocations=1 (full 0):
 garbage-first heap   total 131072K, used 5838K [0x0000000081c00000, 0x0000000100000000)
  region size 1024K, 3 young (3072K), 3 survivors (3072K)
 Metaspace       used 12328K, capacity 12469K, committed 12800K, reserved 1060864K
  class space    used 1157K, capacity 1174K, committed 1280K, reserved 1048576K
}
Event: 1.993 GC heap before
{Heap before GC invocations=1 (full 0):
 garbage-first heap   total 131072K, used 41678K [0x0000000081c00000, 0x0000000100000000)
  region size 1024K, 39 young (39936K), 3 survivors (3072K)
 Metaspace       used 20984K, capacity 21182K, committed 21248K, reserved 1069056K
  class space    used 2213K, capacity 2289K, committed 2304K, reserved 1048576K
}
Event: 2.013 GC heap after
{Heap after GC invocations=2 (full 0):
 garbage-first heap   total 131072K, used 9513K [0x0000000081c00000, 0x0000000100000000)
  region size 1024K, 7 young (7168K), 7 survivors (7168K)
 Metaspace       used 20984K, capacity 21182K, committed 21248K, reserved 1069056K
  class space    used 2213K, capacity 2289K, committed 2304K, reserved 1048576K
}
Event: 2.924 GC heap before
{Heap before GC invocations=3 (full 0):
 garbage-first heap   total 131072K, used 69929K [0x0000000081c00000, 0x0000000100000000)
  region size 1024K, 54 young (55296K), 7 survivors (7168K)
 Metaspace       used 30897K, capacity 31382K, committed 31488K, reserved 1077248K
  class space    used 3649K, capacity 3809K, committed 3840K, reserved 1048576K
}
Event: 2.944 GC heap after
{Heap after GC invocations=4 (full 0):
 garbage-first heap   total 131072K, used 24127K [0x0000000081c00000, 0x0000000100000000)
  region size 1024K, 7 young (7168K), 7 survivors (7168K)
 Metaspace       used 30897K, capacity 31382K, committed 31488K, reserved 1077248K
  class space    used 3649K, capacity 3809K, committed 3840K, reserved 1048576K
}
Event: 3.397 GC heap before
{Heap before GC invocations=4 (full 0):
 garbage-first heap   total 131072K, used 42559K [0x0000000081c00000, 0x0000000100000000)
  region size 1024K, 26 young (26624K), 7 survivors (7168K)
 Metaspace       used 35258K, capacity 35692K, committed 35840K, reserved 1081344K
  class space    used 4345K, capacity 4520K, committed 4608K, reserved 1048576K
}
Event: 3.406 GC heap after
{Heap after GC invocations=5 (full 0):
 garbage-first heap   total 131072K, used 25820K [0x0000000081c00000, 0x0000000100000000)
  region size 1024K, 2 young (2048K), 2 survivors (2048K)
 Metaspace       used 35258K, capacity 35692K, committed 35840K, reserved 1081344K
  class space    used 4345K, capacity 4520K, committed 4608K, reserved 1048576K
}
Event: 4.679 GC heap before
{Heap before GC invocations=6 (full 0):
 garbage-first heap   total 131072K, used 89308K [0x0000000081c00000, 0x0000000100000000)
  region size 1024K, 63 young (64512K), 2 survivors (2048K)
 Metaspace       used 46895K, capacity 47428K, committed 47488K, reserved 1091584K
  class space    used 5548K, capacity 5758K, committed 5760K, reserved 1048576K
}
Event: 4.691 GC heap after
{Heap after GC invocations=7 (full 0):
 garbage-first heap   total 157696K, used 32601K [0x0000000081c00000, 0x0000000100000000)
  region size 1024K, 8 young (8192K), 8 survivors (8192K)
 Metaspace       used 46895K, capacity 47428K, committed 47488K, reserved 1091584K
  class space    used 5548K, capacity 5758K, committed 5760K, reserved 1048576K
}
Event: 6.108 GC heap before
{Heap before GC invocations=7 (full 0):
 garbage-first heap   total 157696K, used 101209K [0x0000000081c00000, 0x0000000100000000)
  region size 1024K, 75 young (76800K), 8 survivors (8192K)
 Metaspace       used 54827K, capacity 55491K, committed 55680K, reserved 1097728K
  class space    used 6428K, capacity 6692K, committed 6784K, reserved 1048576K
}
Event: 6.132 GC heap after
{Heap after GC invocations=8 (full 0):
 garbage-first heap   total 157696K, used 39279K [0x0000000081c00000, 0x0000000100000000)
  region size 1024K, 9 young (9216K), 9 survivors (9216K)
 Metaspace       used 54827K, capacity 55491K, committed 55680K, reserved 1097728K
  class space    used 6428K, capacity 6692K, committed 6784K, reserved 1048576K
}
Event: 7.717 GC heap before
{Heap before GC invocations=8 (full 0):
 garbage-first heap   total 157696K, used 99695K [0x0000000081c00000, 0x0000000100000000)
  region size 1024K, 69 young (70656K), 9 survivors (9216K)
 Metaspace       used 59393K, capacity 60068K, committed 60160K, reserved 1101824K
  class space    used 6803K, capacity 7083K, committed 7168K, reserved 1048576K
}
Event: 7.787 GC heap after
{Heap after GC invocations=9 (full 0):
 garbage-first heap   total 157696K, used 48051K [0x0000000081c00000, 0x0000000100000000)
  region size 1024K, 9 young (9216K), 9 survivors (9216K)
 Metaspace       used 59393K, capacity 60068K, committed 60160K, reserved 1101824K
  class space    used 6803K, capacity 7083K, committed 7168K, reserved 1048576K
}

Deoptimization events (20 events):
Event: 8.075 Thread 0x000001d8c4abb800 Uncommon trap: trap_request=0xffffff4d fr.pc=0x000001d8d192a264 relative=0x00000000000021e4
Event: 8.075 Thread 0x000001d8c4abb800 Uncommon trap: reason=unstable_if action=reinterpret pc=0x000001d8d192a264 method=org.jetbrains.org.objectweb.asm.ClassReader.readElementValue(Lorg/jetbrains/org/objectweb/asm/AnnotationVisitor;ILjava/lang/String;[C)I @ 102 c2
Event: 8.075 Thread 0x000001d8c4abb800 DEOPT PACKING pc=0x000001d8d192a264 sp=0x00000031805f5ea0
Event: 8.075 Thread 0x000001d8c4abb800 DEOPT UNPACKING pc=0x000001d8c9c374af sp=0x00000031805f5e30 mode 2
Event: 8.100 Thread 0x000001d8c4abb800 Uncommon trap: trap_request=0xffffff5c fr.pc=0x000001d8d1a1c7e4 relative=0x0000000000000fe4
Event: 8.100 Thread 0x000001d8c4abb800 Uncommon trap: reason=speculate_null_assert action=make_not_entrant pc=0x000001d8d1a1c7e4 method=org.jetbrains.kotlin.load.java.components.JavaAnnotationMapper.findMappedJavaAnnotation(Lorg/jetbrains/kotlin/name/FqName;Lorg/jetbrains/kotlin/load/java/stru
Event: 8.101 Thread 0x000001d8c4abb800 DEOPT PACKING pc=0x000001d8d1a1c7e4 sp=0x00000031805fa270
Event: 8.101 Thread 0x000001d8c4abb800 DEOPT UNPACKING pc=0x000001d8c9c374af sp=0x00000031805fa1e0 mode 2
Event: 8.102 Thread 0x000001d8c4abb800 Uncommon trap: trap_request=0xffffff4d fr.pc=0x000001d8d1963f08 relative=0x0000000000000348
Event: 8.102 Thread 0x000001d8c4abb800 Uncommon trap: reason=unstable_if action=reinterpret pc=0x000001d8d1963f08 method=java.util.ArrayList.indexOfRange(Ljava/lang/Object;II)I @ 7 c2
Event: 8.102 Thread 0x000001d8c4abb800 DEOPT PACKING pc=0x000001d8d1963f08 sp=0x00000031805fa550
Event: 8.102 Thread 0x000001d8c4abb800 DEOPT UNPACKING pc=0x000001d8c9c374af sp=0x00000031805fa4d0 mode 2
Event: 8.108 Thread 0x000001d8c4abb800 Uncommon trap: trap_request=0xffffff4d fr.pc=0x000001d8d19a7b48 relative=0x0000000000002ac8
Event: 8.108 Thread 0x000001d8c4abb800 Uncommon trap: reason=unstable_if action=reinterpret pc=0x000001d8d19a7b48 method=org.jetbrains.kotlin.serialization.deserialization.descriptors.DeserializedPackageMemberScope.hasClass(Lorg/jetbrains/kotlin/name/Name;)Z @ 99 c2
Event: 8.108 Thread 0x000001d8c4abb800 DEOPT PACKING pc=0x000001d8d19a7b48 sp=0x00000031805f9b60
Event: 8.108 Thread 0x000001d8c4abb800 DEOPT UNPACKING pc=0x000001d8c9c374af sp=0x00000031805f9a40 mode 2
Event: 8.112 Thread 0x000001d8c4abb800 Uncommon trap: trap_request=0xffffff4d fr.pc=0x000001d8d199e968 relative=0x0000000000001648
Event: 8.112 Thread 0x000001d8c4abb800 Uncommon trap: reason=unstable_if action=reinterpret pc=0x000001d8d199e968 method=org.jetbrains.kotlin.serialization.deserialization.descriptors.DeserializedPackageMemberScope.hasClass(Lorg/jetbrains/kotlin/name/Name;)Z @ 99 c2
Event: 8.112 Thread 0x000001d8c4abb800 DEOPT PACKING pc=0x000001d8d199e968 sp=0x00000031805fa890
Event: 8.112 Thread 0x000001d8c4abb800 DEOPT UNPACKING pc=0x000001d8c9c374af sp=0x00000031805fa820 mode 2

Classes redefined (0 events):
No events

Internal exceptions (20 events):
Event: 4.212 Thread 0x000001d8c4abb800 Exception <a 'java/lang/NoSuchMethodError'{0x0000000087177780}: 'java.lang.Object java.lang.invoke.DirectMethodHandle$Holder.invokeSpecial(java.lang.Object, java.lang.Object, java.lang.Object, java.lang.Object, int)'> (0x0000000087177780) thrown at [./src/hotspot/share/interpreter/linkResolver.cpp, line 773]
Event: 4.212 Thread 0x000001d8c4abb800 Exception <a 'java/lang/NoSuchMethodError'{0x000000008717aa90}: 'java.lang.Object java.lang.invoke.Invokers$Holder.linkToTargetMethod(java.lang.Object, java.lang.Object, int, java.lang.Object)'> (0x000000008717aa90) thrown at [./src/hotspot/share/interpreter/linkResolver.cpp, line 773]
Event: 5.425 Thread 0x000001d8c4abb800 Exception <a 'java/lang/NoSuchMethodError'{0x0000000088cbede0}: 'java.lang.Object java.lang.invoke.Invokers$Holder.linkToTargetMethod(java.lang.Object, java.lang.Object, java.lang.Object, java.lang.Object, java.lang.Object, java.lang.Object)'> (0x0000000088cbede0) thrown at [./src/hotspot/share/interpreter/linkResolver.cpp, line 773]
Event: 5.702 Thread 0x000001d8c4abb800 Implicit null exception at 0x000001d8d1811e4c to 0x000001d8d1811f28
Event: 5.873 Thread 0x000001d8c4abb800 Exception <a 'java/lang/NoSuchMethodError'{0x00000000879e8cb0}: 'java.lang.Object java.lang.invoke.DirectMethodHandle$Holder.invokeSpecial(java.lang.Object, java.lang.Object, java.lang.Object, java.lang.Object, java.lang.Object, int)'> (0x00000000879e8cb0) thrown at [./src/hotspot/share/interpreter/linkResolver.cpp, line 773]
Event: 5.873 Thread 0x000001d8c4abb800 Exception <a 'java/lang/NoSuchMethodError'{0x00000000879ec850}: 'java.lang.Object java.lang.invoke.Invokers$Holder.linkToTargetMethod(java.lang.Object, java.lang.Object, java.lang.Object, int, java.lang.Object)'> (0x00000000879ec850) thrown at [./src/hotspot/share/interpreter/linkResolver.cpp, line 773]
Event: 6.029 Thread 0x000001d8c4abb800 Implicit null exception at 0x000001d8d18b1f75 to 0x000001d8d18b27ec
Event: 6.029 Thread 0x000001d8c4abb800 Implicit null exception at 0x000001d8d18b4caf to 0x000001d8d18b4cdc
Event: 6.096 Thread 0x000001d8c4abb800 Exception <a 'java/lang/NoSuchMethodError'{0x00000000873a6ef0}: 'java.lang.Object java.lang.invoke.DirectMethodHandle$Holder.invokeStaticInit(java.lang.Object, java.lang.Object, java.lang.Object)'> (0x00000000873a6ef0) thrown at [./src/hotspot/share/interpreter/linkResolver.cpp, line 773]
Event: 7.047 Thread 0x000001d8c4abb800 Implicit null exception at 0x000001d8d173d0de to 0x000001d8d173d84a
Event: 7.047 Thread 0x000001d8c4abb800 Implicit null exception at 0x000001d8d173ff2f to 0x000001d8d173ff9d
Event: 7.085 Thread 0x000001d8c4abb800 Implicit null exception at 0x000001d8d1738375 to 0x000001d8d173853c
Event: 7.146 Thread 0x000001d8c4abb800 Exception <a 'java/lang/NoSuchMethodError'{0x00000000888c1900}: 'java.lang.Object java.lang.invoke.DirectMethodHandle$Holder.invokeInterface(java.lang.Object, java.lang.Object, java.lang.Object)'> (0x00000000888c1900) thrown at [./src/hotspot/share/interpreter/linkResolver.cpp, line 773]
Event: 7.146 Thread 0x000001d8c4abb800 Exception <a 'java/lang/IncompatibleClassChangeError'{0x00000000888c4b30}: Found class java.lang.Object, but interface was expected> (0x00000000888c4b30) thrown at [./src/hotspot/share/interpreter/linkResolver.cpp, line 839]
Event: 7.185 Thread 0x000001d8c4abb800 Exception <a 'java/lang/NoSuchMethodError'{0x000000008856f468}: 'java.lang.Object java.lang.invoke.DirectMethodHandle$Holder.invokeStatic(java.lang.Object, int, java.lang.Object, java.lang.Object)'> (0x000000008856f468) thrown at [./src/hotspot/share/interpreter/linkResolver.cpp, line 773]
Event: 7.187 Thread 0x000001d8c4abb800 Exception <a 'java/lang/NoSuchMethodError'{0x0000000088579d60}: 'int java.lang.invoke.DirectMethodHandle$Holder.invokeInterface(java.lang.Object, java.lang.Object)'> (0x0000000088579d60) thrown at [./src/hotspot/share/interpreter/linkResolver.cpp, line 773]
Event: 7.212 Thread 0x000001d8c4abb800 Exception <a 'java/lang/NoSuchMethodError'{0x000000008845c538}: 'java.lang.Object java.lang.invoke.Invokers$Holder.linkToTargetMethod(java.lang.Object, java.lang.Object, java.lang.Object, java.lang.Object, java.lang.Object, java.lang.Object, java.lang.Object)'> (0x000000008845c538) thrown at [./src/hotspot/share/interpreter/linkResolver.cpp, line 773]
Event: 7.897 Thread 0x000001d8c4abb800 Implicit null exception at 0x000001d8d1961a3c to 0x000001d8d19624e4
Event: 8.013 Thread 0x000001d8c4abb800 Exception <a 'java/lang/NoSuchMethodError'{0x000000008b1df970}: 'int java.lang.invoke.DirectMethodHandle$Holder.invokeStaticInit(java.lang.Object, int)'> (0x000000008b1df970) thrown at [./src/hotspot/share/interpreter/linkResolver.cpp, line 773]
Event: 8.102 Thread 0x000001d8c4abb800 Implicit null exception at 0x000001d8d1963bfa to 0x000001d8d1963eec

Events (20 events):
Event: 8.082 loading class org/jetbrains/kotlin/resolve/constants/KClassValue$Value$LocalClass
Event: 8.082 loading class org/jetbrains/kotlin/resolve/constants/KClassValue$Value$LocalClass done
Event: 8.083 loading class org/jetbrains/kotlin/resolve/deprecation/DeprecationResolver$WhenMappings
Event: 8.083 loading class org/jetbrains/kotlin/resolve/deprecation/DeprecationResolver$WhenMappings done
Event: 8.086 loading class org/jetbrains/kotlin/resolve/DescriptorEquivalenceForOverrides$areCallableDescriptorsEquivalent$1
Event: 8.086 loading class org/jetbrains/kotlin/resolve/DescriptorEquivalenceForOverrides$areCallableDescriptorsEquivalent$1 done
Event: 8.086 loading class org/jetbrains/kotlin/resolve/DescriptorEquivalenceForOverrides$areCallableDescriptorsEquivalent$overridingUtil$1
Event: 8.086 loading class org/jetbrains/kotlin/resolve/DescriptorEquivalenceForOverrides$areCallableDescriptorsEquivalent$overridingUtil$1 done
Event: 8.101 loading class org/jetbrains/kotlin/load/java/components/JavaAnnotationTargetMapper
Event: 8.101 loading class org/jetbrains/kotlin/load/java/components/JavaAnnotationTargetMapper done
Event: 8.101 loading class org/jetbrains/kotlin/descriptors/annotations/KotlinRetention
Event: 8.101 loading class org/jetbrains/kotlin/descriptors/annotations/KotlinRetention done
Event: 8.102 loading class org/jetbrains/kotlin/load/java/components/JavaAnnotationTargetMapper$mapJavaTargetArguments$1
Event: 8.102 loading class org/jetbrains/kotlin/load/java/components/JavaAnnotationTargetMapper$mapJavaTargetArguments$1 done
Event: 8.103 loading class org/jetbrains/kotlin/resolve/jvm/checkers/RepeatableAnnotationChecker$ResolvedAnnotation
Event: 8.103 loading class org/jetbrains/kotlin/resolve/jvm/checkers/RepeatableAnnotationChecker$ResolvedAnnotation done
Event: 8.109 loading class org/jetbrains/kotlin/resolve/scopes/GivenFunctionsMemberScope$createFakeOverrides$4
Event: 8.109 loading class org/jetbrains/kotlin/resolve/scopes/GivenFunctionsMemberScope$createFakeOverrides$4 done
Event: 8.121 Executing VM operation: ICBufferFull
Event: 8.121 Executing VM operation: ICBufferFull done


Dynamic libraries:
0x00007ff79ac40000 - 0x00007ff79ac4a000 	C:\Users\Dark Knight\Desktop\Android Studio\jre\bin\java.exe
0x00007ffa59ed0000 - 0x00007ffa5a0c5000 	C:\WINDOWS\SYSTEM32\ntdll.dll
0x00007ffa59c90000 - 0x00007ffa59d4e000 	C:\WINDOWS\System32\KERNEL32.DLL
0x00007ffa57770000 - 0x00007ffa57a38000 	C:\WINDOWS\System32\KERNELBASE.dll
0x00007ffa57e10000 - 0x00007ffa57f10000 	C:\WINDOWS\System32\ucrtbase.dll
0x00007ffa32f60000 - 0x00007ffa32f79000 	C:\Users\Dark Knight\Desktop\Android Studio\jre\bin\jli.dll
0x00007ffa3d090000 - 0x00007ffa3d0a7000 	C:\Users\Dark Knight\Desktop\Android Studio\jre\bin\VCRUNTIME140.dll
0x00007ffa583e0000 - 0x00007ffa58581000 	C:\WINDOWS\System32\USER32.dll
0x00007ffa57740000 - 0x00007ffa57762000 	C:\WINDOWS\System32\win32u.dll
0x00007ffa58ce0000 - 0x00007ffa58d0b000 	C:\WINDOWS\System32\GDI32.dll
0x00007ffa3d990000 - 0x00007ffa3dc2a000 	C:\WINDOWS\WinSxS\amd64_microsoft.windows.common-controls_6595b64144ccf1df_6.0.19041.1110_none_60b5254171f9507e\COMCTL32.dll
0x00007ffa57c60000 - 0x00007ffa57d6d000 	C:\WINDOWS\System32\gdi32full.dll
0x00007ffa57f10000 - 0x00007ffa57fae000 	C:\WINDOWS\System32\msvcrt.dll
0x00007ffa57d70000 - 0x00007ffa57e0d000 	C:\WINDOWS\System32\msvcp_win.dll
0x00007ffa58e20000 - 0x00007ffa58e50000 	C:\WINDOWS\System32\IMM32.DLL
0x00007ffa01050000 - 0x00007ffa010ed000 	C:\Users\Dark Knight\Desktop\Android Studio\jre\bin\msvcp140.dll
0x00007ff9f2890000 - 0x00007ff9f334c000 	C:\Users\Dark Knight\Desktop\Android Studio\jre\bin\server\jvm.dll
0x00007ffa58d10000 - 0x00007ffa58dbc000 	C:\WINDOWS\System32\ADVAPI32.dll
0x00007ffa59de0000 - 0x00007ffa59e7b000 	C:\WINDOWS\System32\sechost.dll
0x00007ffa59570000 - 0x00007ffa5969a000 	C:\WINDOWS\System32\RPCRT4.dll
0x00007ffa59d50000 - 0x00007ffa59d58000 	C:\WINDOWS\System32\PSAPI.DLL
0x00007ffa423f0000 - 0x00007ffa423f9000 	C:\WINDOWS\SYSTEM32\WSOCK32.dll
0x00007ffa3f9f0000 - 0x00007ffa3fa17000 	C:\WINDOWS\SYSTEM32\WINMM.dll
0x00007ffa4dff0000 - 0x00007ffa4dffa000 	C:\WINDOWS\SYSTEM32\VERSION.dll
0x00007ffa59b70000 - 0x00007ffa59bdb000 	C:\WINDOWS\System32\WS2_32.dll
0x00007ffa55e50000 - 0x00007ffa55e62000 	C:\WINDOWS\SYSTEM32\kernel.appcore.dll
0x00007ffa46b40000 - 0x00007ffa46b51000 	C:\Users\Dark Knight\Desktop\Android Studio\jre\bin\verify.dll
0x00007ffa553d0000 - 0x00007ffa555b4000 	C:\WINDOWS\SYSTEM32\DBGHELP.DLL
0x00007ffa44dd0000 - 0x00007ffa44dfc000 	C:\WINDOWS\SYSTEM32\dbgcore.DLL
0x00007ffa57a40000 - 0x00007ffa57ac2000 	C:\WINDOWS\System32\bcryptPrimitives.dll
0x00007ffa45a40000 - 0x00007ffa45a69000 	C:\Users\Dark Knight\Desktop\Android Studio\jre\bin\java.dll
0x00007ffa52880000 - 0x00007ffa5288b000 	C:\Users\Dark Knight\Desktop\Android Studio\jre\bin\jimage.dll
0x00007ffa46570000 - 0x00007ffa46588000 	C:\Users\Dark Knight\Desktop\Android Studio\jre\bin\zip.dll
0x00007ffa58590000 - 0x00007ffa58cd4000 	C:\WINDOWS\System32\SHELL32.dll
0x00007ffa556b0000 - 0x00007ffa55e44000 	C:\WINDOWS\SYSTEM32\windows.storage.dll
0x00007ffa58080000 - 0x00007ffa583d5000 	C:\WINDOWS\System32\combase.dll
0x00007ffa57030000 - 0x00007ffa5705e000 	C:\WINDOWS\SYSTEM32\Wldp.dll
0x00007ffa59be0000 - 0x00007ffa59c8d000 	C:\WINDOWS\System32\SHCORE.dll
0x00007ffa59b10000 - 0x00007ffa59b65000 	C:\WINDOWS\System32\shlwapi.dll
0x00007ffa57520000 - 0x00007ffa5753f000 	C:\WINDOWS\SYSTEM32\profapi.dll
0x00007ffa44ce0000 - 0x00007ffa44cfa000 	C:\Users\Dark Knight\Desktop\Android Studio\jre\bin\net.dll
0x00007ffa467f0000 - 0x00007ffa468fc000 	C:\WINDOWS\SYSTEM32\WINHTTP.dll
0x00007ffa56d90000 - 0x00007ffa56dfa000 	C:\WINDOWS\system32\mswsock.dll
0x00007ffa43a30000 - 0x00007ffa43a44000 	C:\Users\Dark Knight\Desktop\Android Studio\jre\bin\nio.dll

dbghelp: loaded successfully - version: 4.0.5 - missing functions: none
symbol engine: initialized successfully - sym options: 0x614 - pdb path: .;C:\Users\Dark Knight\Desktop\Android Studio\jre\bin;C:\WINDOWS\SYSTEM32;C:\WINDOWS\WinSxS\amd64_microsoft.windows.common-controls_6595b64144ccf1df_6.0.19041.1110_none_60b5254171f9507e;C:\Users\Dark Knight\Desktop\Android Studio\jre\bin\server

VM Arguments:
java_command: org.jetbrains.kotlin.cli.jvm.K2JVMCompiler @C:\Android Projects\WeatherApp\app\build\20220108_13425962348519485765.compiler.options
java_class_path (initial): C:\Users\Dark Knight\.gradle\caches\modules-2\files-2.1\org.jetbrains.kotlin\kotlin-compiler-embeddable\1.5.31\cc18c29253541dc57c25c3ef514d63c7953ae1a6\kotlin-compiler-embeddable-1.5.31.jar;C:\Users\Dark Knight\.gradle\caches\modules-2\files-2.1\org.jetbrains.kotlin\kotlin-reflect\1.5.31\1523fcd842a47da0820cea772b19c51056fec8a9\kotlin-reflect-1.5.31.jar;C:\Users\Dark Knight\.gradle\caches\modules-2\files-2.1\org.jetbrains.kotlin\kotlin-stdlib\1.5.31\6628d61d0f5603568e72d2d5915d2c034b4f1c55\kotlin-stdlib-1.5.31.jar;C:\Users\Dark Knight\.gradle\caches\modules-2\files-2.1\org.jetbrains.kotlin\kotlin-script-runtime\1.5.31\aaea854be2cfc06373dfc11be5a6ba9ca5ca84a6\kotlin-script-runtime-1.5.31.jar;C:\Users\Dark Knight\.gradle\caches\modules-2\files-2.1\org.jetbrains.kotlin\kotlin-daemon-embeddable\1.5.31\d19b549661e28c62781683dc7c7e34bf416974f1\kotlin-daemon-embeddable-1.5.31.jar;C:\Users\Dark Knight\.gradle\caches\modules-2\files-2.1\org.jetbrains.intellij.deps\trove4j\1.0.20181211\216c2e14b070f334479d800987affe4054cd563f\trove4j-1.0.20181211.jar;C:\Users\Dark Knight\.gradle\caches\modules-2\files-2.1\org.jetbrains\annotations\13.0\919f0dfe192fb4e063e7dacadee7f8bb9a2672a9\annotations-13.0.jar;C:\Users\Dark Knight\.gradle\caches\modules-2\files-2.1\org.jetbrains.kotlin\kotlin-stdlib-common\1.5.31\43331609c7de811fed085e0dfd150874b157c32\kotlin-stdlib-common-1.5.31.jar
Launcher Type: SUN_STANDARD

[Global flags]
     intx CICompilerCount                          = 4                                         {product} {ergonomic}
     uint ConcGCThreads                            = 2                                         {product} {ergonomic}
     uint G1ConcRefinementThreads                  = 8                                         {product} {ergonomic}
   size_t G1HeapRegionSize                         = 1048576                                   {product} {ergonomic}
    uintx GCDrainStackTargetSize                   = 64                                        {product} {ergonomic}
   size_t InitialHeapSize                          = 134217728                                 {product} {ergonomic}
   size_t MarkStackSize                            = 4194304                                   {product} {ergonomic}
   size_t MaxHeapSize                              = 2118123520                                {product} {ergonomic}
   size_t MaxNewSize                               = 1270874112                                {product} {ergonomic}
   size_t MinHeapDeltaBytes                        = 1048576                                   {product} {ergonomic}
    uintx NonNMethodCodeHeapSize                   = 5836300                                {pd product} {ergonomic}
    uintx NonProfiledCodeHeapSize                  = 122910970                              {pd product} {ergonomic}
    uintx ProfiledCodeHeapSize                     = 122910970                              {pd product} {ergonomic}
    uintx ReservedCodeCacheSize                    = 251658240                              {pd product} {ergonomic}
     bool SegmentedCodeCache                       = true                                      {product} {ergonomic}
     bool UseCompressedClassPointers               = true                                 {lp64_product} {ergonomic}
     bool UseCompressedOops                        = true                                 {lp64_product} {ergonomic}
     bool UseG1GC                                  = true                                      {product} {ergonomic}
     bool UseLargePagesIndividualAllocation        = false                                  {pd product} {ergonomic}

Logging:
Log output configuration:
 #0: stdout all=warning uptime,level,tags
 #1: stderr all=off uptime,level,tags

Environment Variables:
PATH=C:\Windows\system32;C:\Windows;C:\Windows\System32\Wbem;C:\Windows\System32\WindowsPowerShell\v1.0\;C:\Windows\System32\OpenSSH\;C:\Program Files (x86)\NVIDIA Corporation\PhysX\Common;C:\Program Files\NVIDIA Corporation\NVIDIA NvDLISR;C:\WINDOWS\system32;C:\WINDOWS;C:\WINDOWS\System32\Wbem;C:\WINDOWS\System32\WindowsPowerShell\v1.0\;C:\WINDOWS\System32\OpenSSH\;C:\MinGW\bin;C:\Program Files\MEGA-X;C:\WINDOWS\system32;C:\WINDOWS;C:\WINDOWS\System32\Wbem;C:\WINDOWS\System32\WindowsPowerShell\v1.0\;C:\WINDOWS\System32\OpenSSH\;C:\Users\Dark Knight\AppData\Local\Microsoft\WindowsApps;C:\Users\Dark Knight\AppData\Local\atom\bin;C:\MinGW\bin;C:\Program Files (x86)\Microsoft Visual Studio\2019\BuildTools\MSBuild\Current\Bin;C:\Users\Dark Knight\AppData\Local\Microsoft\WindowsApps
USERNAME=Dark Knight
OS=Windows_NT
PROCESSOR_IDENTIFIER=Intel64 Family 6 Model 158 Stepping 10, GenuineIntel



---------------  S Y S T E M  ---------------

OS: Windows 10 , 64 bit Build 19041 (10.0.19041.1348)
OS uptime: 10 days 4:15 hours

CPU:total 8 (initial active 8) (4 cores per cpu, 2 threads per core) family 6 model 158 stepping 10, cmov, cx8, fxsr, mmx, sse, sse2, sse3, ssse3, sse4.1, sse4.2, popcnt, avx, avx2, aes, clmul, erms, 3dnowpref, lzcnt, ht, tsc, tscinvbit, bmi1, bmi2, adx, fma

Memory: 4k page, system-wide physical 8072M (548M free)
TotalPageFile size 12168M (AvailPageFile size 5M)
current process WorkingSet (physical memory assigned to process): 308M, peak: 308M
current process commit charge ("private bytes"): 364M, peak: 365M

vm_info: OpenJDK 64-Bit Server VM (11.0.8+10-b944.6842174) for windows-amd64 JRE (11.0.8+10-b944.6842174), built on Sep 19 2020 01:11:42 by "builder" with MS VC++ 14.0 (VS2015)

END.
